2025-09-22 18:37:40, MOVE, v:1, k:toalha, mode:PICK
2025-09-22 18:37:42, EXEC, v:1, k:toalha, mode:LOCK, rate:0, size:59
2025-09-22 18:37:49, EXEC, v:1, k:toalha, mode:LOCK, rate:0
2025-09-22 18:55:27, EXEC, v:1, k:toalha, mode:LOCK, rate:0, size:27
2025-09-22 19:00:44, EXEC, v:1, k:toalha, mode:LOCK, rate:0, size:32
2025-09-22 19:00:53, EXEC, v:1, k:toalha, mode:LOCK, rate:0
2025-09-22 19:00:53, EXEC, v:1, k:toalha, mode:LOCK, rate:0
2025-09-22 19:01:16, EXEC, v:1, k:toalha, mode:LOCK, rate:0, size:32
2025-09-22 19:01:17, EXEC, v:1, k:toalha, mode:LOCK, rate:0
2025-09-22 19:01:43, EXEC, v:1, k:toalha, mode:FREE, size:32
2025-09-22 19:02:28, EXEC, v:1, k:toalha, mode:LOCK, rate:0, size:32
2025-09-22 19:04:37, EXEC, v:1, k:toalha, mode:FREE
2025-09-22 19:07:07, EXEC, v:1, k:toalha, mode:LOCK, rate:0, size:32
2025-09-22 19:07:09, EXEC, v:1, k:toalha, mode:LOCK, rate:0
2025-09-22 19:08:42, EXEC, v:1, k:toalha, mode:LOCK, rate:0
2025-09-22 19:08:42, EXEC, v:1, k:toalha, mode:LOCK, rate:0
2025-09-22 19:17:02, EXEC, v:1, k:toalha, mode:LOCK, rate:0, size:38
2025-09-22 19:47:49, EXEC, v:1, k:toalha, mode:FREE, size:54
2025-09-22 19:56:06, MOVE, v:1, k:toalha, mode:PICK
2025-09-22 19:56:07, EXEC, v:1, k:toalha, mode:LOCK, rate:0, size:53
2025-09-22 19:56:13, EXEC, v:1, k:toalha, mode:LOCK, rate:0
2025-09-22 19:56:14, EXEC, v:1, k:toalha, mode:LOCK, rate:0
2025-09-22 19:56:16, EXEC, v:1, k:toalha, mode:FREE
2025-09-22 20:02:05, EXEC, v:1, k:toalha, mode:FREE, size:53
2025-09-22 20:11:37, MOVE, v:1, k:toalha, mode:BACK
2025-09-22 20:11:38, MOVE, v:1, k:toalha, mode:PICK
2025-09-22 20:11:44, EXEC, v:1, k:toalha, mode:LOCK, rate:0, size:50
2025-09-22 20:11:47, EXEC, v:1, k:toalha, mode:LOCK, rate:0
2025-09-22 20:12:27, MOVE, v:1, k:toalha, mode:BACK
