2025-09-20 00:50:26, MOVE, v:1, k:toalha, mode:PICK
2025-09-20 00:50:34, EXEC, v:1, k:toalha, mode:LOCK, rate:0, size:15
2025-09-20 00:50:50, EXEC, v:1, k:toalha, mode:LOCK, rate:0, size:16
2025-09-20 00:51:28, EXEC, v:1, k:toalha, mode:LOCK, rate:0
2025-09-20 00:51:30, EXEC, v:1, k:toalha, mode:LOCK, rate:0
2025-09-20 00:51:30, EXEC, v:1, k:toalha, mode:LOCK, rate:0
2025-09-20 00:51:31, EXEC, v:1, k:toalha, mode:LOCK, rate:0
2025-09-20 01:05:36, EXEC, v:1, k:toalha, mode:LOCK, rate:0
2025-09-20 01:12:36, EXEC, v:1, k:toalha, mode:LOCK, rate:0, size:16
2025-09-20 01:12:37, EXEC, v:1, k:toalha, mode:LOCK, rate:0
2025-09-20 19:00:06, MOVE, v:1, k:toalha, mode:PICK
2025-09-20 19:00:08, EXEC, v:1, k:toalha, mode:LOCK, rate:0, size:15
2025-09-20 19:00:31, EXEC, v:1, k:toalha, mode:LOCK, rate:0, size:15
2025-09-20 20:00:13, EXEC, v:1, k:toalha, mode:LOCK, rate:0, size:38
2025-09-20 20:00:30, EXEC, v:1, k:toalha, mode:FREE
2025-09-20 20:18:25, MOVE, v:1, k:toalha, mode:PICK
2025-09-20 20:18:45, EXEC, v:1, k:toalha, mode:LOCK, rate:0, size:55
2025-09-20 20:18:56, EXEC, v:1, k:toalha, mode:LOCK, rate:0
2025-09-20 20:19:52, EXEC, v:1, k:toalha, mode:LOCK, rate:0, size:55
2025-09-20 20:21:25, EXEC, v:1, k:toalha, mode:LOCK, rate:0, size:58
2025-09-20 20:21:47, EXEC, v:1, k:toalha, mode:LOCK, rate:0, size:59
2025-09-20 20:23:17, EXEC, v:1, k:toalha, mode:LOCK, rate:0, size:59
2025-09-20 20:24:10, EXEC, v:1, k:toalha, mode:LOCK, rate:0
2025-09-20 20:24:10, EXEC, v:1, k:toalha, mode:LOCK, rate:0
2025-09-20 20:24:11, EXEC, v:1, k:toalha, mode:LOCK, rate:0
2025-09-20 20:24:11, EXEC, v:1, k:toalha, mode:LOCK, rate:0
2025-09-20 20:57:43, EXEC, v:1, k:toalha, mode:LOCK, rate:0
2025-09-20 21:21:28, MOVE, v:1, k:toalha, mode:BACK
